<?xml version="1.0" encoding="UTF-8"?>
<!-- Generated by org.testng.reporters.JUnitXMLReporter -->
<testsuite ignored="0" hostname="admin-PC" failures="0" tests="3" name="Default test" time="0.121" errors="0" timestamp="2023-10-12T17:08:55 IST">
  <testcase classname="testClasses.TestClassNg2" name="@BeforeTest launchBrowser" time="-1.697110735642E9">
    <failure type="org.testng.TestNGException" message="
Parameter &amp;apos;browser&amp;apos; is required by BeforeTest on method launchBrowser but has not been marked @Optional or defined
in C:\Users\admin\AppData\Local\Temp\testng-eclipse--1034621129\testng-customsuite.xml">
      <![CDATA[org.testng.TestNGException: 
Parameter 'browser' is required by BeforeTest on method launchBrowser but has not been marked @Optional or defined
in C:\Users\admin\AppData\Local\Temp\testng-eclipse--1034621129\testng-customsuite.xml
at org.testng.internal.Parameters.createParams(Parameters.java:270)
at org.testng.internal.Parameters.createParametersForMethod(Parameters.java:358)
at org.testng.internal.Parameters.createParameters(Parameters.java:700)
at org.testng.internal.Parameters.createConfigurationParameters(Parameters.java:168)
at org.testng.internal.ConfigInvoker.invokeConfigurations(ConfigInvoker.java:302)
at org.testng.TestRunner.invokeTestConfigurations(TestRunner.java:637)
at org.testng.TestRunner.beforeRun(TestRunner.java:627)
at org.testng.TestRunner.run(TestRunner.java:589)
at org.testng.SuiteRunner.runTest(SuiteRunner.java:377)
at org.testng.SuiteRunner.runSequentially(SuiteRunner.java:371)
at org.testng.SuiteRunner.privateRun(SuiteRunner.java:332)
at org.testng.SuiteRunner.run(SuiteRunner.java:276)
at org.testng.SuiteRunnerWorker.runSuite(SuiteRunnerWorker.java:53)
at org.testng.SuiteRunnerWorker.run(SuiteRunnerWorker.java:96)
at org.testng.TestNG.runSuitesSequentially(TestNG.java:1212)
at org.testng.TestNG.runSuitesLocally(TestNG.java:1134)
at org.testng.TestNG.runSuites(TestNG.java:1063)
at org.testng.TestNG.run(TestNG.java:1031)
at org.testng.remote.AbstractRemoteTestNG.run(AbstractRemoteTestNG.java:115)
at org.testng.remote.RemoteTestNG.initAndRun(RemoteTestNG.java:251)
at org.testng.remote.RemoteTestNG.main(RemoteTestNG.java:77)
]]>
    </failure>
  </testcase> <!-- @BeforeTest launchBrowser -->
  <testcase classname="testClasses.TestClassNg2" name="@BeforeClass createPOMObject" time="-1.697110735684E9">
    <skipped/>
  </testcase> <!-- @BeforeClass createPOMObject -->
  <testcase classname="testClasses.TestClassNg2" name="@BeforeMethod launchLoginPage" time="-1.69711073571E9">
    <skipped/>
  </testcase> <!-- @BeforeMethod launchLoginPage -->
  <testcase classname="testClasses.TestClassNg2" name="@AfterMethod takeScreenShot" time="-1.697110735721E9">
    <skipped/>
  </testcase> <!-- @AfterMethod takeScreenShot -->
  <testcase classname="testClasses.TestClassNg2" name="@BeforeMethod launchLoginPage" time="-1.697110735725E9">
    <skipped/>
  </testcase> <!-- @BeforeMethod launchLoginPage -->
  <testcase classname="testClasses.TestClassNg2" name="@AfterMethod takeScreenShot" time="-1.697110735731E9">
    <skipped/>
  </testcase> <!-- @AfterMethod takeScreenShot -->
  <testcase classname="testClasses.TestClassNg2" name="@BeforeMethod launchLoginPage" time="-1.697110735735E9">
    <skipped/>
  </testcase> <!-- @BeforeMethod launchLoginPage -->
  <testcase classname="testClasses.TestClassNg2" name="@AfterMethod takeScreenShot" time="-1.697110735741E9">
    <skipped/>
  </testcase> <!-- @AfterMethod takeScreenShot -->
  <testcase classname="testClasses.TestClassNg2" name="@AfterClass closePOMObject" time="-1.697110735745E9">
    <skipped/>
  </testcase> <!-- @AfterClass closePOMObject -->
  <testcase classname="testClasses.TestClassNg2" name="@AfterTest AfterTest" time="-1.697110735755E9">
    <skipped/>
  </testcase> <!-- @AfterTest AfterTest -->
  <testcase classname="testClasses.TestClassNg2" name="loginApplication" time="0.0">
    <skipped/>
  </testcase> <!-- loginApplication -->
  <testcase classname="testClasses.TestClassNg2" name="logoutApplication" time="0.0">
    <skipped/>
  </testcase> <!-- logoutApplication -->
  <testcase classname="testClasses.TestClassNg2" name="verifyNotificationFunctionality" time="0.0">
    <skipped/>
  </testcase> <!-- verifyNotificationFunctionality -->
</testsuite> <!-- Default test -->
