<?xml version="1.0" encoding="UTF-8"?>
<!-- Generated by org.testng.reporters.JUnitXMLReporter -->
<testsuite ignored="0" hostname="admin-PC" failures="0" tests="3" name="Default test" time="0.162" errors="0" timestamp="2023-10-18T15:59:50 IST">
  <testcase classname="testclasses.Webdrivermanagertestng" name="@BeforeTest launchBrowser" time="-1.697624989906E9">
    <failure type="org.testng.TestNGException" message="
Parameter &amp;apos;browser&amp;apos; is required by BeforeTest on method launchBrowser but has not been marked @Optional or defined
in C:\Users\admin\AppData\Local\Temp\testng-eclipse-1487252063\testng-customsuite.xml">
      <![CDATA[org.testng.TestNGException: 
Parameter 'browser' is required by BeforeTest on method launchBrowser but has not been marked @Optional or defined
in C:\Users\admin\AppData\Local\Temp\testng-eclipse-1487252063\testng-customsuite.xml
at org.testng.internal.Parameters.createParams(Parameters.java:270)
at org.testng.internal.Parameters.createParametersForMethod(Parameters.java:358)
at org.testng.internal.Parameters.createParameters(Parameters.java:700)
at org.testng.internal.Parameters.createConfigurationParameters(Parameters.java:168)
at org.testng.internal.ConfigInvoker.invokeConfigurations(ConfigInvoker.java:302)
at org.testng.TestRunner.invokeTestConfigurations(TestRunner.java:637)
at org.testng.TestRunner.beforeRun(TestRunner.java:627)
at org.testng.TestRunner.run(TestRunner.java:589)
at org.testng.SuiteRunner.runTest(SuiteRunner.java:377)
at org.testng.SuiteRunner.runSequentially(SuiteRunner.java:371)
at org.testng.SuiteRunner.privateRun(SuiteRunner.java:332)
at org.testng.SuiteRunner.run(SuiteRunner.java:276)
at org.testng.SuiteRunnerWorker.runSuite(SuiteRunnerWorker.java:53)
at org.testng.SuiteRunnerWorker.run(SuiteRunnerWorker.java:96)
at org.testng.TestNG.runSuitesSequentially(TestNG.java:1212)
at org.testng.TestNG.runSuitesLocally(TestNG.java:1134)
at org.testng.TestNG.runSuites(TestNG.java:1063)
at org.testng.TestNG.run(TestNG.java:1031)
at org.testng.remote.AbstractRemoteTestNG.run(AbstractRemoteTestNG.java:115)
at org.testng.remote.RemoteTestNG.initAndRun(RemoteTestNG.java:251)
at org.testng.remote.RemoteTestNG.main(RemoteTestNG.java:77)
]]>
    </failure>
  </testcase> <!-- @BeforeTest launchBrowser -->
  <testcase classname="testclasses.Webdrivermanagertestng" name="@BeforeClass createPOMObject" time="-1.69762498998E9">
    <skipped/>
  </testcase> <!-- @BeforeClass createPOMObject -->
  <testcase classname="testclasses.Webdrivermanagertestng" name="@BeforeMethod openHomePage" time="-1.697624990005E9">
    <skipped/>
  </testcase> <!-- @BeforeMethod openHomePage -->
  <testcase classname="testclasses.Webdrivermanagertestng" name="@AfterMethod takeScreenShot" time="-1.697624990021E9">
    <skipped/>
  </testcase> <!-- @AfterMethod takeScreenShot -->
  <testcase classname="testclasses.Webdrivermanagertestng" name="@BeforeMethod openHomePage" time="-1.697624990031E9">
    <skipped/>
  </testcase> <!-- @BeforeMethod openHomePage -->
  <testcase classname="testclasses.Webdrivermanagertestng" name="@AfterMethod takeScreenShot" time="-1.697624990045E9">
    <skipped/>
  </testcase> <!-- @AfterMethod takeScreenShot -->
  <testcase classname="testclasses.Webdrivermanagertestng" name="@BeforeMethod openHomePage" time="-1.697624990047E9">
    <skipped/>
  </testcase> <!-- @BeforeMethod openHomePage -->
  <testcase classname="testclasses.Webdrivermanagertestng" name="@AfterMethod takeScreenShot" time="-1.697624990054E9">
    <skipped/>
  </testcase> <!-- @AfterMethod takeScreenShot -->
  <testcase classname="testclasses.Webdrivermanagertestng" name="@AfterClass closePOMObject" time="-1.697624990056E9">
    <skipped/>
  </testcase> <!-- @AfterClass closePOMObject -->
  <testcase classname="testclasses.Webdrivermanagertestng" name="@AfterTest AfterTest" time="-1.69762499006E9">
    <skipped/>
  </testcase> <!-- @AfterTest AfterTest -->
  <testcase classname="testclasses.Webdrivermanagertestng" name="VerifyAddtocartFunctionalityOnComputer" time="0.0">
    <skipped/>
  </testcase> <!-- VerifyAddtocartFunctionalityOnComputer -->
  <testcase classname="testclasses.Webdrivermanagertestng" name="verifyEngagmentRingCartFunctionality" time="0.0">
    <skipped/>
  </testcase> <!-- verifyEngagmentRingCartFunctionality -->
  <testcase classname="testclasses.Webdrivermanagertestng" name="verifyFahrenheitBookCartFunctionality" time="0.0">
    <skipped/>
  </testcase> <!-- verifyFahrenheitBookCartFunctionality -->
</testsuite> <!-- Default test -->
