<?xml version="1.0" encoding="UTF-8"?>
<!-- Generated by org.testng.reporters.JUnitXMLReporter -->
<testsuite ignored="0" hostname="admin-PC" failures="0" tests="6" name="ChromeTest" time="0.675" errors="0" timestamp="2023-10-18T16:37:31 IST">
  <testcase classname="testclasses.Webdrivermanagertestng" name="@BeforeTest launchBrowser" time="0.246">
    <failure type="org.openqa.selenium.remote.NoSuchDriverException" message="chromedriver located at src\test\resources\browsers\chromedriver_win32\chromedriver.exe, but invalid
For documentation on this error, please visit: https://www.selenium.dev/documentation/webdriver/troubleshooting/errors/driver_location/
Build info: version: &amp;apos;4.10.0&amp;apos;, revision: &amp;apos;c14d967899&amp;apos;
System info: os.name: &amp;apos;Windows 7&amp;apos;, os.arch: &amp;apos;amd64&amp;apos;, os.version: &amp;apos;6.1&amp;apos;, java.version: &amp;apos;17.0.7&amp;apos;
Driver info: driver.version: ChromeDriver">
      <![CDATA[org.openqa.selenium.remote.NoSuchDriverException: chromedriver located at src\test\resources\browsers\chromedriver_win32\chromedriver.exe, but invalid
For documentation on this error, please visit: https://www.selenium.dev/documentation/webdriver/troubleshooting/errors/driver_location/
Build info: version: '4.10.0', revision: 'c14d967899'
System info: os.name: 'Windows 7', os.arch: 'amd64', os.version: '6.1', java.version: '17.0.7'
Driver info: driver.version: ChromeDriver
at org.openqa.selenium.remote.service.DriverFinder.getPath(DriverFinder.java:45)
at org.openqa.selenium.chrome.ChromeDriver.generateExecutor(ChromeDriver.java:98)
at org.openqa.selenium.chrome.ChromeDriver.<init>(ChromeDriver.java:87)
at org.openqa.selenium.chrome.ChromeDriver.<init>(ChromeDriver.java:82)
at org.openqa.selenium.chrome.ChromeDriver.<init>(ChromeDriver.java:50)
at base.Browsers.launchChrome(Browsers.java:12)
at testclasses.Webdrivermanagertestng.launchBrowser(Webdrivermanagertestng.java:51)
at java.base/java.util.concurrent.FutureTask.run(FutureTask.java:264)
at java.base/java.util.concurrent.ThreadPoolExecutor.runWorker(ThreadPoolExecutor.java:1136)
at java.base/java.util.concurrent.ThreadPoolExecutor$Worker.run(ThreadPoolExecutor.java:635)
at java.base/java.lang.Thread.run(Thread.java:833)
... Removed 15 stack frames]]>
    </failure>
  </testcase> <!-- @BeforeTest launchBrowser -->
  <testcase classname="testclasses.VerifyAddtocartFunctionality" name="@BeforeClass launchBrowser" time="-1.69762725152E9">
    <skipped/>
  </testcase> <!-- @BeforeClass launchBrowser -->
  <testcase classname="testclasses.VerifyAddtocartFunctionality" name="@BeforeMethod openHomePage" time="-1.697627251559E9">
    <skipped/>
  </testcase> <!-- @BeforeMethod openHomePage -->
  <testcase classname="testclasses.VerifyAddtocartFunctionality" name="@AfterMethod verifyConinueShoppingFunctionality" time="-1.697627251574E9">
    <skipped/>
  </testcase> <!-- @AfterMethod verifyConinueShoppingFunctionality -->
  <testcase classname="testclasses.VerifyAddtocartFunctionality" name="@BeforeMethod openHomePage" time="-1.69762725164E9">
    <skipped/>
  </testcase> <!-- @BeforeMethod openHomePage -->
  <testcase classname="testclasses.VerifyAddtocartFunctionality" name="@AfterMethod verifyConinueShoppingFunctionality" time="-1.697627251675E9">
    <skipped/>
  </testcase> <!-- @AfterMethod verifyConinueShoppingFunctionality -->
  <testcase classname="testclasses.VerifyAddtocartFunctionality" name="@BeforeMethod openHomePage" time="-1.697627251689E9">
    <skipped/>
  </testcase> <!-- @BeforeMethod openHomePage -->
  <testcase classname="testclasses.VerifyAddtocartFunctionality" name="@AfterMethod verifyConinueShoppingFunctionality" time="-1.697627251738E9">
    <skipped/>
  </testcase> <!-- @AfterMethod verifyConinueShoppingFunctionality -->
  <testcase classname="testclasses.VerifyAddtocartFunctionality" name="@AfterClass closeBrowser" time="-1.697627251747E9">
    <skipped/>
  </testcase> <!-- @AfterClass closeBrowser -->
  <testcase classname="testclasses.Webdrivermanagertestng" name="@BeforeClass createPOMObject" time="-1.697627251751E9">
    <skipped/>
  </testcase> <!-- @BeforeClass createPOMObject -->
  <testcase classname="testclasses.Webdrivermanagertestng" name="@BeforeMethod openHomePage" time="-1.697627251755E9">
    <skipped/>
  </testcase> <!-- @BeforeMethod openHomePage -->
  <testcase classname="testclasses.Webdrivermanagertestng" name="@AfterMethod takeScreenShot" time="-1.697627251761E9">
    <skipped/>
  </testcase> <!-- @AfterMethod takeScreenShot -->
  <testcase classname="testclasses.Webdrivermanagertestng" name="@BeforeMethod openHomePage" time="-1.697627251763E9">
    <skipped/>
  </testcase> <!-- @BeforeMethod openHomePage -->
  <testcase classname="testclasses.Webdrivermanagertestng" name="@AfterMethod takeScreenShot" time="-1.697627251769E9">
    <skipped/>
  </testcase> <!-- @AfterMethod takeScreenShot -->
  <testcase classname="testclasses.Webdrivermanagertestng" name="@BeforeMethod openHomePage" time="-1.697627251771E9">
    <skipped/>
  </testcase> <!-- @BeforeMethod openHomePage -->
  <testcase classname="testclasses.Webdrivermanagertestng" name="@AfterMethod takeScreenShot" time="-1.69762725179E9">
    <skipped/>
  </testcase> <!-- @AfterMethod takeScreenShot -->
  <testcase classname="testclasses.Webdrivermanagertestng" name="@AfterClass closePOMObject" time="-1.697627251793E9">
    <skipped/>
  </testcase> <!-- @AfterClass closePOMObject -->
  <testcase classname="testclasses.Webdrivermanagertestng" name="@AfterTest AfterTest" time="-1.6976272518E9">
    <skipped/>
  </testcase> <!-- @AfterTest AfterTest -->
  <testcase classname="testclasses.VerifyAddtocartFunctionality" name="VerifyAddtocartFunctionalityOnComputer" time="0.0">
    <skipped/>
  </testcase> <!-- VerifyAddtocartFunctionalityOnComputer -->
  <testcase classname="testclasses.VerifyAddtocartFunctionality" name="verifyEngagmentRingCartFunctionality" time="0.0">
    <skipped/>
  </testcase> <!-- verifyEngagmentRingCartFunctionality -->
  <testcase classname="testclasses.VerifyAddtocartFunctionality" name="verifyFahrenheitBookCartFunctionality" time="0.0">
    <skipped/>
  </testcase> <!-- verifyFahrenheitBookCartFunctionality -->
  <testcase classname="testclasses.Webdrivermanagertestng" name="VerifyAddtocartFunctionalityOnComputer" time="0.0">
    <skipped/>
  </testcase> <!-- VerifyAddtocartFunctionalityOnComputer -->
  <testcase classname="testclasses.Webdrivermanagertestng" name="verifyEngagmentRingCartFunctionality" time="0.0">
    <skipped/>
  </testcase> <!-- verifyEngagmentRingCartFunctionality -->
  <testcase classname="testclasses.Webdrivermanagertestng" name="verifyFahrenheitBookCartFunctionality" time="0.0">
    <skipped/>
  </testcase> <!-- verifyFahrenheitBookCartFunctionality -->
</testsuite> <!-- ChromeTest -->
