<?xml version="1.0" encoding="UTF-8"?>
<!-- Generated by org.testng.reporters.JUnitXMLReporter -->
<testsuite ignored="0" hostname="admin-PC" failures="0" tests="6" name="EdgeTest" time="1.695" errors="0" timestamp="2023-10-18T16:37:32 IST">
  <testcase classname="testclasses.Webdrivermanagertestng" name="@BeforeTest launchBrowser" time="1.566">
    <failure type="org.openqa.selenium.SessionNotCreatedException" message="Could not start a new session. Possible causes are invalid address of the remote server or browser start-up failure. 
Host info: host: &amp;apos;ADMIN-PC&amp;apos;, ip: &amp;apos;192.168.29.122&amp;apos;">
      <![CDATA[org.openqa.selenium.SessionNotCreatedException: Could not start a new session. Possible causes are invalid address of the remote server or browser start-up failure. 
Host info: host: 'ADMIN-PC', ip: '192.168.29.122'
at org.openqa.selenium.remote.RemoteWebDriver.execute(RemoteWebDriver.java:549)
at org.openqa.selenium.remote.RemoteWebDriver.startSession(RemoteWebDriver.java:227)
at org.openqa.selenium.remote.RemoteWebDriver.<init>(RemoteWebDriver.java:154)
at org.openqa.selenium.chromium.ChromiumDriver.<init>(ChromiumDriver.java:107)
at org.openqa.selenium.edge.EdgeDriver.<init>(EdgeDriver.java:59)
at org.openqa.selenium.edge.EdgeDriver.<init>(EdgeDriver.java:55)
at org.openqa.selenium.edge.EdgeDriver.<init>(EdgeDriver.java:47)
at org.openqa.selenium.edge.EdgeDriver.<init>(EdgeDriver.java:43)
at base.Browsers.launchEdge(Browsers.java:20)
at testclasses.Webdrivermanagertestng.launchBrowser(Webdrivermanagertestng.java:59)
at java.base/java.util.concurrent.FutureTask.run(FutureTask.java:264)
at java.base/java.util.concurrent.ThreadPoolExecutor.runWorker(ThreadPoolExecutor.java:1136)
at java.base/java.util.concurrent.ThreadPoolExecutor$Worker.run(ThreadPoolExecutor.java:635)
at java.base/java.lang.Thread.run(Thread.java:833)
Caused by: org.openqa.selenium.WebDriverException: Driver server process died prematurely.
Build info: version: '4.10.0', revision: 'c14d967899'
System info: os.name: 'Windows 7', os.arch: 'amd64', os.version: '6.1', java.version: '17.0.7'
Driver info: driver.version: EdgeDriver
at org.openqa.selenium.remote.service.DriverService.start(DriverService.java:249)
at org.openqa.selenium.remote.service.DriverCommandExecutor.execute(DriverCommandExecutor.java:119)
at org.openqa.selenium.remote.RemoteWebDriver.execute(RemoteWebDriver.java:531)
... 28 more
... Removed 15 stack frames]]>
    </failure>
  </testcase> <!-- @BeforeTest launchBrowser -->
  <testcase classname="testclasses.VerifyAddtocartFunctionality" name="@BeforeClass launchBrowser" time="-1.697627252722E9">
    <skipped/>
  </testcase> <!-- @BeforeClass launchBrowser -->
  <testcase classname="testclasses.VerifyAddtocartFunctionality" name="@BeforeMethod openHomePage" time="-1.697627252729E9">
    <skipped/>
  </testcase> <!-- @BeforeMethod openHomePage -->
  <testcase classname="testclasses.VerifyAddtocartFunctionality" name="@AfterMethod verifyConinueShoppingFunctionality" time="-1.697627252747E9">
    <skipped/>
  </testcase> <!-- @AfterMethod verifyConinueShoppingFunctionality -->
  <testcase classname="testclasses.VerifyAddtocartFunctionality" name="@BeforeMethod openHomePage" time="-1.69762725275E9">
    <skipped/>
  </testcase> <!-- @BeforeMethod openHomePage -->
  <testcase classname="testclasses.VerifyAddtocartFunctionality" name="@AfterMethod verifyConinueShoppingFunctionality" time="-1.697627252755E9">
    <skipped/>
  </testcase> <!-- @AfterMethod verifyConinueShoppingFunctionality -->
  <testcase classname="testclasses.VerifyAddtocartFunctionality" name="@BeforeMethod openHomePage" time="-1.697627252757E9">
    <skipped/>
  </testcase> <!-- @BeforeMethod openHomePage -->
  <testcase classname="testclasses.VerifyAddtocartFunctionality" name="@AfterMethod verifyConinueShoppingFunctionality" time="-1.697627252763E9">
    <skipped/>
  </testcase> <!-- @AfterMethod verifyConinueShoppingFunctionality -->
  <testcase classname="testclasses.VerifyAddtocartFunctionality" name="@AfterClass closeBrowser" time="-1.697627252766E9">
    <skipped/>
  </testcase> <!-- @AfterClass closeBrowser -->
  <testcase classname="testclasses.Webdrivermanagertestng" name="@BeforeClass createPOMObject" time="-1.697627252768E9">
    <skipped/>
  </testcase> <!-- @BeforeClass createPOMObject -->
  <testcase classname="testclasses.Webdrivermanagertestng" name="@BeforeMethod openHomePage" time="-1.697627252772E9">
    <skipped/>
  </testcase> <!-- @BeforeMethod openHomePage -->
  <testcase classname="testclasses.Webdrivermanagertestng" name="@AfterMethod takeScreenShot" time="-1.697627252778E9">
    <skipped/>
  </testcase> <!-- @AfterMethod takeScreenShot -->
  <testcase classname="testclasses.Webdrivermanagertestng" name="@BeforeMethod openHomePage" time="-1.697627252791E9">
    <skipped/>
  </testcase> <!-- @BeforeMethod openHomePage -->
  <testcase classname="testclasses.Webdrivermanagertestng" name="@AfterMethod takeScreenShot" time="-1.697627252804E9">
    <skipped/>
  </testcase> <!-- @AfterMethod takeScreenShot -->
  <testcase classname="testclasses.Webdrivermanagertestng" name="@BeforeMethod openHomePage" time="-1.69762725281E9">
    <skipped/>
  </testcase> <!-- @BeforeMethod openHomePage -->
  <testcase classname="testclasses.Webdrivermanagertestng" name="@AfterMethod takeScreenShot" time="-1.697627252818E9">
    <skipped/>
  </testcase> <!-- @AfterMethod takeScreenShot -->
  <testcase classname="testclasses.Webdrivermanagertestng" name="@AfterClass closePOMObject" time="-1.69762725282E9">
    <skipped/>
  </testcase> <!-- @AfterClass closePOMObject -->
  <testcase classname="testclasses.Webdrivermanagertestng" name="@AfterTest AfterTest" time="-1.697627252821E9">
    <skipped/>
  </testcase> <!-- @AfterTest AfterTest -->
  <testcase classname="testclasses.VerifyAddtocartFunctionality" name="VerifyAddtocartFunctionalityOnComputer" time="0.0">
    <skipped/>
  </testcase> <!-- VerifyAddtocartFunctionalityOnComputer -->
  <testcase classname="testclasses.VerifyAddtocartFunctionality" name="verifyEngagmentRingCartFunctionality" time="0.0">
    <skipped/>
  </testcase> <!-- verifyEngagmentRingCartFunctionality -->
  <testcase classname="testclasses.VerifyAddtocartFunctionality" name="verifyFahrenheitBookCartFunctionality" time="0.0">
    <skipped/>
  </testcase> <!-- verifyFahrenheitBookCartFunctionality -->
  <testcase classname="testclasses.Webdrivermanagertestng" name="VerifyAddtocartFunctionalityOnComputer" time="0.0">
    <skipped/>
  </testcase> <!-- VerifyAddtocartFunctionalityOnComputer -->
  <testcase classname="testclasses.Webdrivermanagertestng" name="verifyEngagmentRingCartFunctionality" time="0.001">
    <skipped/>
  </testcase> <!-- verifyEngagmentRingCartFunctionality -->
  <testcase classname="testclasses.Webdrivermanagertestng" name="verifyFahrenheitBookCartFunctionality" time="0.0">
    <skipped/>
  </testcase> <!-- verifyFahrenheitBookCartFunctionality -->
</testsuite> <!-- EdgeTest -->
